<!DOCTYPE html PUBLIC "-//W3C//DTD XHTML 1.1//EN" "http://www.w3.org/TR/xhtml11/DTD/xhtml11.dtd">
<html xmlns="http://www.w3.org/1999/xhtml"><head><title>TestNG Report</title><style type="text/css">table {margin-bottom:10px;border-collapse:collapse;empty-cells:show}th,td {border:1px solid #009;padding:.25em .5em}th {vertical-align:bottom}td {vertical-align:top}table a {font-weight:bold}.stripe td {background-color: #E6EBF9}.num {text-align:right}.passedodd td {background-color: #3F3}.passedeven td {background-color: #0A0}.skippedodd td {background-color: #DDD}.skippedeven td {background-color: #CCC}.failedodd td,.attn {background-color: #F33}.failedeven td,.stripe .attn {background-color: #D00}.stacktrace {white-space:pre;font-family:monospace}.totop {font-size:85%;text-align:center;border-bottom:2px solid #000}</style></head><body><table><tr><th>Test</th><th># Passed</th><th># Skipped</th><th># Failed</th><th>Time (ms)</th><th>Included Groups</th><th>Excluded Groups</th></tr><tr><th colspan="7">Suite</th></tr><tr><td><a href="#t0">LoginTest</a></td><td class="num">0</td><td class="num">0</td><td class="num">0</td><td class="num">17</td><td>low</td><td></td></tr><tr class="stripe"><td><a href="#t1">ValidateTitleTest</a></td><td class="num">0</td><td class="num">0</td><td class="num attn">1</td><td class="num">37</td><td>low</td><td></td></tr><tr><td><a href="#t2">DependencyTest</a></td><td class="num">1</td><td class="num attn">1</td><td class="num">0</td><td class="num">7</td><td>low</td><td></td></tr><tr><th>Total</th><th class="num">1</th><th class="num attn">1</th><th class="num attn">1</th><th class="num">61</th><th colspan="2"></th></tr></table><table id='summary'><thead><tr><th>Class</th><th>Method</th><th>Start</th><th>Time (ms)</th></tr></thead><tbody><tr><th colspan="4">Suite</th></tr></tbody><tbody id="t0"></tbody><tbody id="t1"><tr><th colspan="4">ValidateTitleTest &#8212; failed</th></tr><tr class="failedeven"><td rowspan="1">testNG.TestCase2</td><td><a href="#m0">validateTitles</a></td><td rowspan="1">1505472808616</td><td rowspan="1">19</td></tr></tbody><tbody id="t2"><tr><th colspan="4">DependencyTest &#8212; skipped</th></tr><tr class="skippedeven"><td rowspan="1">testNG.TestCase3</td><td><a href="#m1">composeEmail</a></td><td rowspan="1">1505472808659</td><td rowspan="1">1</td></tr><tr><th colspan="4">DependencyTest &#8212; passed</th></tr><tr class="passedeven"><td rowspan="1">testNG.TestCase3</td><td><a href="#m2">doLogin</a></td><td rowspan="1">1505472808657</td><td rowspan="1">1</td></tr></tbody></table><h2>LoginTest</h2><h2>ValidateTitleTest</h2><h3 id="m0">testNG.TestCase2#validateTitles</h3><table class="result"><tr><th>Messages</th></tr><tr><td><div class="messages"><a href="abcd.html">capture screenshot1</a></div></td></tr><tr><th>Exception</th></tr><tr><td><div class="stacktrace">java.lang.AssertionError: expected [yahoo] but found [gmail]
	at testNG.TestCase2.validateTitles(TestCase2.java:21)
... Removed 31 stack frames</div></td></tr></table><p class="totop"><a href="#summary">back to summary</a></p><h2>DependencyTest</h2><h3 id="m1">testNG.TestCase3#composeEmail</h3><table class="result"><tr><th>Exception</th></tr><tr><td><div class="stacktrace">org.testng.SkipException: skipping testcase
	at testNG.TestCase3.composeEmail(TestCase3.java:23)
... Removed 25 stack frames</div></td></tr></table><p class="totop"><a href="#summary">back to summary</a></p><h3 id="m2">testNG.TestCase3#doLogin</h3><table class="result"></table><p class="totop"><a href="#summary">back to summary</a></p></body></html>